<?xml version="1.0" encoding="UTF-8"?>
<!-- Generated by org.testng.reporters.JUnitReportReporter -->
<testsuite hostname="IN002YHZ" failures="0" tests="1" name="tests.SmokeTest" time="48.657" errors="0" timestamp="2022-06-06T21:06:29 IST" skipped="0">
  <testcase classname="tests.SmokeTest" name="firstMthod" time="48.657"/>
  <system-out/>
</testsuite> <!-- tests.SmokeTest -->
